15:18:45:958 [ALWAYS]	GUDE Logging Started
15:18:45:960 [INFO]	SqliteResumeCache::SqliteResumeCache basedirectory is null/empty
15:18:45:961 [ERROR]	SqliteResumeCache::CreateSqliteResumeCache creating resume cache pointer failure
15:18:45:961 [ERROR]	Initialize resume cache pointer failure
15:18:45:961 [INFO]	gude policy POLICY_USER limit (2,2,1) chunk 2097152, chunking (UL 0 DL 1), resXfer 1, adapt 0, NSURL 0, timeout 86400 
15:18:45:962 [INFO]	Initialized -- gude-lib version: v0.12.1 app: gude
15:18:55:409 [WARN]	Ignoring attempt to reinit logging to \gude at level 4 retaining 3 days of logs
15:18:55:410 [INFO]	SqliteResumeCache::SqliteResumeCache basedirectory is null/empty
15:18:55:410 [ERROR]	SqliteResumeCache::CreateSqliteResumeCache creating resume cache pointer failure
15:18:55:410 [ERROR]	Initialize resume cache pointer failure
15:18:55:411 [INFO]	gude policy POLICY_USER limit (4,4,1) chunk 2097152, chunking (UL 0 DL 1), resXfer 1, adapt 0, NSURL 1, timeout 86400 
15:18:55:411 [INFO]	Initialized -- gude-lib version: v0.12.1 app: gude
15:20:29:930 [ALWAYS]	GUDE Logging Started
15:20:29:933 [INFO]	SqliteResumeCache::SqliteResumeCache basedirectory is null/empty
15:20:29:933 [ERROR]	SqliteResumeCache::CreateSqliteResumeCache creating resume cache pointer failure
15:20:29:933 [ERROR]	Initialize resume cache pointer failure
15:20:29:934 [INFO]	gude policy POLICY_USER limit (2,2,1) chunk 2097152, chunking (UL 0 DL 1), resXfer 1, adapt 0, NSURL 0, timeout 86400 
15:20:29:934 [INFO]	Initialized -- gude-lib version: v0.12.1 app: gude
15:20:39:544 [WARN]	Ignoring attempt to reinit logging to \gude at level 4 retaining 3 days of logs
15:20:39:544 [INFO]	SqliteResumeCache::SqliteResumeCache basedirectory is null/empty
15:20:39:544 [ERROR]	SqliteResumeCache::CreateSqliteResumeCache creating resume cache pointer failure
15:20:39:545 [ERROR]	Initialize resume cache pointer failure
15:20:39:545 [INFO]	gude policy POLICY_USER limit (4,4,1) chunk 2097152, chunking (UL 0 DL 1), resXfer 1, adapt 0, NSURL 1, timeout 86400 
15:20:39:546 [INFO]	Initialized -- gude-lib version: v0.12.1 app: gude
